<?xml version="1.0" encoding="UTF-8"?>
<testng-results skipped="0" failed="0" ignored="0" total="2" passed="2">
  <reporter-output>
  </reporter-output>
  <suite name="Suite" duration-ms="3903" started-at="2017-06-14T11:03:13Z" finished-at="2017-06-14T11:03:17Z">
    <groups>
    </groups>
    <test name="Test" duration-ms="3903" started-at="2017-06-14T11:03:13Z" finished-at="2017-06-14T11:03:17Z">
      <class name="testcases.TC_001">
        <test-method status="PASS" signature="testCase1()[pri:0, instance:testcases.TC_001@7f63425a]" name="testCase1" duration-ms="2109" started-at="2017-06-14T12:03:13Z" finished-at="2017-06-14T12:03:16Z">
          <reporter-output>
          </reporter-output>
        </test-method> <!-- testCase1 -->
      </class> <!-- testcases.TC_001 -->
      <class name="testcases.TC_003">
        <test-method status="PASS" signature="testCase1()[pri:0, instance:testcases.TC_003@511baa65]" name="testCase1" duration-ms="1779" started-at="2017-06-14T12:03:16Z" finished-at="2017-06-14T12:03:17Z">
          <reporter-output>
          </reporter-output>
        </test-method> <!-- testCase1 -->
      </class> <!-- testcases.TC_003 -->
    </test> <!-- Test -->
  </suite> <!-- Suite -->
</testng-results>
