<?xml version="1.0" encoding="UTF-8"?>
<testng-results skipped="0" failed="0" ignored="0" total="3" passed="3">
  <reporter-output>
  </reporter-output>
  <suite name="Suite" duration-ms="5945" started-at="2017-06-15T15:17:48Z" finished-at="2017-06-15T15:17:54Z">
    <groups>
    </groups>
    <test name="Test" duration-ms="5945" started-at="2017-06-15T15:17:48Z" finished-at="2017-06-15T15:17:54Z">
      <class name="testcases.TC_002">
        <test-method status="PASS" signature="testCase1()[pri:0, instance:testcases.TC_002@3ac3fd8b]" name="testCase1" duration-ms="1856" started-at="2017-06-15T16:17:50Z" finished-at="2017-06-15T16:17:52Z">
          <reporter-output>
          </reporter-output>
        </test-method> <!-- testCase1 -->
      </class> <!-- testcases.TC_002 -->
      <class name="testcases.TC_001">
        <test-method status="PASS" signature="testCase1()[pri:0, instance:testcases.TC_001@49e4cb85]" name="testCase1" duration-ms="2358" started-at="2017-06-15T16:17:48Z" finished-at="2017-06-15T16:17:50Z">
          <reporter-output>
          </reporter-output>
        </test-method> <!-- testCase1 -->
      </class> <!-- testcases.TC_001 -->
      <class name="testcases.TC_003">
        <test-method status="PASS" signature="testCase1()[pri:0, instance:testcases.TC_003@5594a1b5]" name="testCase1" duration-ms="1714" started-at="2017-06-15T16:17:52Z" finished-at="2017-06-15T16:17:54Z">
          <reporter-output>
          </reporter-output>
        </test-method> <!-- testCase1 -->
      </class> <!-- testcases.TC_003 -->
    </test> <!-- Test -->
  </suite> <!-- Suite -->
</testng-results>
