<?xml version="1.0" encoding="UTF-8"?>
<testng-results skipped="0" failed="0" ignored="0" total="1" passed="1">
  <reporter-output>
  </reporter-output>
  <suite name="Default suite" duration-ms="2166" started-at="2017-06-14T11:02:37Z" finished-at="2017-06-14T11:02:39Z">
    <groups>
    </groups>
    <test name="Default test" duration-ms="2166" started-at="2017-06-14T11:02:37Z" finished-at="2017-06-14T11:02:39Z">
      <class name="testcases.TC_001">
        <test-method status="PASS" signature="testCase1()[pri:0, instance:testcases.TC_001@3bfdc050]" name="testCase1" duration-ms="2150" started-at="2017-06-14T12:02:37Z" finished-at="2017-06-14T12:02:39Z">
          <reporter-output>
          </reporter-output>
        </test-method> <!-- testCase1 -->
      </class> <!-- testcases.TC_001 -->
    </test> <!-- Default test -->
  </suite> <!-- Default suite -->
</testng-results>
